<?xml version="1.0" encoding="UTF-8"?>
<testng-results ignored="0" total="1" passed="1" failed="0" skipped="0">
  <reporter-output>
  </reporter-output>
  <suite started-at="2024-03-11T16:11:44 ART" name="Default suite" finished-at="2024-03-11T16:11:44 ART" duration-ms="34">
    <groups>
    </groups>
    <test started-at="2024-03-11T16:11:44 ART" name="Default test" finished-at="2024-03-11T16:11:44 ART" duration-ms="34">
      <class name="org.educationit.cursoSelenium.claseTres.DemoTestNg">
        <test-method signature="testSuma()[pri:0, instance:org.educationit.cursoSelenium.claseTres.DemoTestNg@747edf66]" started-at="2024-03-11T16:11:44 ART" name="testSuma" finished-at="2024-03-11T16:11:44 ART" duration-ms="7" status="PASS">
          <reporter-output>
          </reporter-output>
        </test-method> <!-- testSuma -->
      </class> <!-- org.educationit.cursoSelenium.claseTres.DemoTestNg -->
    </test> <!-- Default test -->
  </suite> <!-- Default suite -->
</testng-results>
