<?xml version="1.0" encoding="UTF-8"?>
<!-- Generated by org.testng.reporters.JUnitXMLReporter -->
<testsuite ignored="1" hostname="LAPTOP-9FDO6FJD" failures="0" tests="1" name="Default test" time="12.844" errors="0" timestamp="2024-01-08T10:27:29 ART">
  <testcase classname="org.educationit.selenium.claseCuatrotests.AutomationTest" name="testMensajeError" time="12.807"/>
  <testcase classname="org.educationit.selenium.claseCuatrotests.AutomationTest" name="testSignIn" time="0.0">
    <ignored/>
  </testcase> <!-- testSignIn -->
</testsuite> <!-- Default test -->
