<?xml version="1.0" encoding="UTF-8"?>
<testng-results ignored="6" total="7" passed="1" failed="0" skipped="0">
  <reporter-output>
  </reporter-output>
  <suite started-at="2024-03-12T16:49:52 ART" name="Default suite" finished-at="2024-03-12T16:49:55 ART" duration-ms="2656">
    <groups>
    </groups>
    <test started-at="2024-03-12T16:49:52 ART" name="Default test" finished-at="2024-03-12T16:49:55 ART" duration-ms="2656">
      <class name="org.educationit.selenium.claseCinco.AutomationTestWithPom">
        <test-method signature="testTabla()[pri:0, instance:org.educationit.selenium.claseCinco.AutomationTestWithPom@3c77d488]" started-at="2024-03-12T16:49:52 ART" name="testTabla" finished-at="2024-03-12T16:49:55 ART" duration-ms="2625" status="PASS">
          <reporter-output>
          </reporter-output>
        </test-method> <!-- testTabla -->
      </class> <!-- org.educationit.selenium.claseCinco.AutomationTestWithPom -->
    </test> <!-- Default test -->
  </suite> <!-- Default suite -->
</testng-results>
