<?xml version="1.0" encoding="UTF-8"?>
<testng-results ignored="6" total="8" passed="2" failed="0" skipped="0">
  <reporter-output>
  </reporter-output>
  <suite started-at="2024-01-12T19:20:38 ART" name="Default suite" finished-at="2024-01-12T19:21:04 ART" duration-ms="26272">
    <groups>
    </groups>
    <test started-at="2024-01-12T19:20:38 ART" name="Default test" finished-at="2024-01-12T19:21:04 ART" duration-ms="26272">
      <class name="org.educationit.selenium.claseCinco.AutomationTestWithPom">
        <test-method signature="testSignInvaliddEmail(java.lang.String,java.lang.String)[pri:0, instance:org.educationit.selenium.claseCinco.AutomationTestWithPom@3c77d488]" started-at="2024-01-12T19:20:38 ART" name="testSignInvaliddEmail" data-provider="invalid-emails" finished-at="2024-01-12T19:20:51 ART" duration-ms="13320" status="PASS">
          <params>
            <param index="0">
              <value>
                <![CDATA[]]>
              </value>
            </param>
            <param index="1">
              <value>
                <![CDATA[Invalid email address.]]>
              </value>
            </param>
          </params>
          <reporter-output>
          </reporter-output>
        </test-method> <!-- testSignInvaliddEmail -->
        <test-method signature="testSignInvaliddEmail(java.lang.String,java.lang.String)[pri:0, instance:org.educationit.selenium.claseCinco.AutomationTestWithPom@3c77d488]" started-at="2024-01-12T19:20:51 ART" name="testSignInvaliddEmail" data-provider="invalid-emails" finished-at="2024-01-12T19:21:04 ART" duration-ms="12913" status="PASS">
          <params>
            <param index="0">
              <value>
                <![CDATA[pepe@gmail.com]]>
              </value>
            </param>
            <param index="1">
              <value>
                <![CDATA[An account using this email address has already been registered. Please enter a valid password or request a new one.]]>
              </value>
            </param>
          </params>
          <reporter-output>
          </reporter-output>
        </test-method> <!-- testSignInvaliddEmail -->
      </class> <!-- org.educationit.selenium.claseCinco.AutomationTestWithPom -->
    </test> <!-- Default test -->
  </suite> <!-- Default suite -->
</testng-results>
