<?xml version="1.0" encoding="UTF-8"?>
<!-- Generated by org.testng.reporters.JUnitXMLReporter -->
<testsuite ignored="6" hostname="LAPTOP-9FDO6FJD" failures="0" tests="2" name="Default test" time="26.272" errors="0" timestamp="2024-01-12T19:21:04 ART">
  <testcase classname="org.educationit.selenium.claseCinco.AutomationTestWithPom" name="testSignInvaliddEmail" time="13.32"/>
  <testcase classname="org.educationit.selenium.claseCinco.AutomationTestWithPom" name="testSignInvaliddEmail" time="12.913"/>
  <testcase classname="org.educationit.selenium.claseCinco.AutomationTestWithPom" name="testSignInDuplicatedEmail" time="0.0">
    <ignored/>
  </testcase> <!-- testSignInDuplicatedEmail -->
  <testcase classname="org.educationit.selenium.claseCinco.AutomationTestWithPom" name="testTabla" time="0.0">
    <ignored/>
  </testcase> <!-- testTabla -->
  <testcase classname="org.educationit.selenium.claseCinco.AutomationTestWithPom" name="testConParametros" time="0.0">
    <ignored/>
  </testcase> <!-- testConParametros -->
  <testcase classname="org.educationit.selenium.claseCinco.AutomationTestWithPom" name="testSignInEmptyEmail" time="0.0">
    <ignored/>
  </testcase> <!-- testSignInEmptyEmail -->
  <testcase classname="org.educationit.selenium.claseCinco.AutomationTestWithPom" name="testSignInSuccessfull" time="0.0">
    <ignored/>
  </testcase> <!-- testSignInSuccessfull -->
  <testcase classname="org.educationit.selenium.claseCinco.AutomationTestWithPom" name="testAlerta" time="0.0">
    <ignored/>
  </testcase> <!-- testAlerta -->
</testsuite> <!-- Default test -->
