<?xml version="1.0" encoding="UTF-8"?>
<!-- Generated by org.testng.reporters.JUnitXMLReporter -->
<testsuite ignored="6" hostname="LAPTOP-9FDO6FJD" failures="0" tests="1" name="Default test" time="2.656" errors="0" timestamp="2024-03-12T16:49:55 ART">
  <testcase classname="org.educationit.selenium.claseCinco.AutomationTestWithPom" name="testTabla" time="2.625"/>
  <testcase classname="org.educationit.selenium.claseCinco.AutomationTestWithPom" name="testSignInvaliddEmail" time="0.0">
    <ignored/>
  </testcase> <!-- testSignInvaliddEmail -->
  <testcase classname="org.educationit.selenium.claseCinco.AutomationTestWithPom" name="testSignInDuplicatedEmail" time="0.0">
    <ignored/>
  </testcase> <!-- testSignInDuplicatedEmail -->
  <testcase classname="org.educationit.selenium.claseCinco.AutomationTestWithPom" name="testConParametros" time="0.0">
    <ignored/>
  </testcase> <!-- testConParametros -->
  <testcase classname="org.educationit.selenium.claseCinco.AutomationTestWithPom" name="testSignInEmptyEmail" time="0.0">
    <ignored/>
  </testcase> <!-- testSignInEmptyEmail -->
  <testcase classname="org.educationit.selenium.claseCinco.AutomationTestWithPom" name="testSignInSuccessfull" time="0.0">
    <ignored/>
  </testcase> <!-- testSignInSuccessfull -->
  <testcase classname="org.educationit.selenium.claseCinco.AutomationTestWithPom" name="testAlerta" time="0.0">
    <ignored/>
  </testcase> <!-- testAlerta -->
</testsuite> <!-- Default test -->
