<?xml version="1.0" encoding="UTF-8"?>
<testng-results ignored="1" total="2" passed="1" failed="0" skipped="0">
  <reporter-output>
  </reporter-output>
  <suite started-at="2024-01-08T10:27:16 ART" name="Default suite" finished-at="2024-01-08T10:27:29 ART" duration-ms="12844">
    <groups>
    </groups>
    <test started-at="2024-01-08T10:27:16 ART" name="Default test" finished-at="2024-01-08T10:27:29 ART" duration-ms="12844">
      <class name="org.educationit.selenium.claseCuatrotests.AutomationTest">
        <test-method signature="testMensajeError()[pri:0, instance:org.educationit.selenium.claseCuatrotests.AutomationTest@4a883b15]" started-at="2024-01-08T10:27:16 ART" name="testMensajeError" finished-at="2024-01-08T10:27:29 ART" duration-ms="12807" status="PASS">
          <reporter-output>
          </reporter-output>
        </test-method> <!-- testMensajeError -->
      </class> <!-- org.educationit.selenium.claseCuatrotests.AutomationTest -->
    </test> <!-- Default test -->
  </suite> <!-- Default suite -->
</testng-results>
