<?xml version="1.0" encoding="UTF-8"?>
<testng-results ignored="0" total="1" passed="1" failed="0" skipped="0">
  <reporter-output>
  </reporter-output>
  <suite started-at="2023-12-27T11:25:10 ART" name="Default suite" finished-at="2023-12-27T11:25:10 ART" duration-ms="29">
    <groups>
    </groups>
    <test started-at="2023-12-27T11:25:10 ART" name="Default test" finished-at="2023-12-27T11:25:10 ART" duration-ms="29">
      <class name="org.educationit.cursoSelenium.claseTres.test.DemoTestNG">
        <test-method signature="testSumar()[pri:0, instance:org.educationit.cursoSelenium.claseTres.test.DemoTestNG@1eb5174b]" started-at="2023-12-27T11:25:10 ART" name="testSumar" finished-at="2023-12-27T11:25:10 ART" duration-ms="6" status="PASS">
          <reporter-output>
          </reporter-output>
        </test-method> <!-- testSumar -->
      </class> <!-- org.educationit.cursoSelenium.claseTres.test.DemoTestNG -->
    </test> <!-- Default test -->
  </suite> <!-- Default suite -->
</testng-results>
